Unity Editor version:    2021.2.8f1 (d0e5f0a7b06a)
Branch:                  2021.2/staging
Build type:              Release
Batch mode:              YES
macOS version:           Version 12.1 (Build 21C52)
Darwin version:          21.2.0
Architecture:            x86_64
Running under Rosetta:   NO
Available memory:        16384 MB
Using pre-set license
Pro License: NO

COMMAND LINE ARGUMENTS:
/Applications/Unity/Hub/Editor/2021.2.8f1/Unity.app/Contents/MacOS/Unity
-adb2
-batchMode
-noUpm
-name
AssetImportWorker0
-projectPath
/Users/thomasgr/Design/Feierabend Crew/Runner-Runner/Runner Runner 2
-logFile
Logs/AssetImportWorker0.log
-srvPort
56006
Successfully changed project path to: /Users/thomasgr/Design/Feierabend Crew/Runner-Runner/Runner Runner 2
/Users/thomasgr/Design/Feierabend Crew/Runner-Runner/Runner Runner 2
[UnityMemory] Configuration Parameters - Can be set up in boot.config
    "memorysetup-bucket-allocator-granularity=16"
    "memorysetup-bucket-allocator-bucket-count=8"
    "memorysetup-bucket-allocator-block-size=33554432"
    "memorysetup-bucket-allocator-block-count=8"
    "memorysetup-main-allocator-block-size=16777216"
    "memorysetup-thread-allocator-block-size=16777216"
    "memorysetup-gfx-main-allocator-block-size=16777216"
    "memorysetup-gfx-thread-allocator-block-size=16777216"
    "memorysetup-cache-allocator-block-size=4194304"
    "memorysetup-typetree-allocator-block-size=2097152"
    "memorysetup-profiler-bucket-allocator-granularity=16"
    "memorysetup-profiler-bucket-allocator-bucket-count=8"
    "memorysetup-profiler-bucket-allocator-block-size=33554432"
    "memorysetup-profiler-bucket-allocator-block-count=8"
    "memorysetup-profiler-allocator-block-size=16777216"
    "memorysetup-profiler-editor-allocator-block-size=1048576"
    "memorysetup-temp-allocator-size-main=16777216"
    "memorysetup-job-temp-allocator-block-size=2097152"
    "memorysetup-job-temp-allocator-block-size-background=1048576"
    "memorysetup-job-temp-allocator-reduction-small-platforms=262144"
    "memorysetup-temp-allocator-size-background-worker=32768"
    "memorysetup-temp-allocator-size-job-worker=262144"
    "memorysetup-temp-allocator-size-preload-manager=33554432"
    "memorysetup-temp-allocator-size-nav-mesh-worker=65536"
    "memorysetup-temp-allocator-size-audio-worker=65536"
    "memorysetup-temp-allocator-size-cloud-worker=32768"
    "memorysetup-temp-allocator-size-gi-baking-worker=262144"
    "memorysetup-temp-allocator-size-gfx=262144"
Refreshing native plugins compatible for Editor in 30.47 ms, found 1 plugins.
Preloading 0 native plugins for Editor in 0.00 ms.
Initialize engine version: 2021.2.8f1 (d0e5f0a7b06a)
[Subsystems] Discovering subsystems at path /Applications/Unity/Hub/Editor/2021.2.8f1/Unity.app/Contents/Resources/UnitySubsystems
[Subsystems] Discovering subsystems at path /Users/thomasgr/Design/Feierabend Crew/Runner-Runner/Runner Runner 2/Assets
GfxDevice: creating device client; threaded=0; jobified=0
HP LA2405x preferred device: AMD Radeon Pro 555X (high power)
Metal devices available: 2
0: AMD Radeon Pro 555X (high power)
1: Intel(R) UHD Graphics 630 (low power)
Using device AMD Radeon Pro 555X (high power)
Initializing Metal device caps: AMD Radeon Pro 555X
Initialize mono
Mono path[0] = '/Applications/Unity/Hub/Editor/2021.2.8f1/Unity.app/Contents/Managed'
Mono path[1] = '/Applications/Unity/Hub/Editor/2021.2.8f1/Unity.app/Contents/MonoBleedingEdge/lib/mono/unityjit-macos'
Mono config path = '/Applications/Unity/Hub/Editor/2021.2.8f1/Unity.app/Contents/MonoBleedingEdge/etc'
Using monoOptions --debugger-agent=transport=dt_socket,embedding=1,server=y,suspend=n,address=127.0.0.1:56191
Begin MonoManager ReloadAssembly
Registering precompiled unity dll's ...
Register platform support module: /Applications/Unity/Hub/Editor/2021.2.8f1/Unity.app/Contents/PlaybackEngines/MacStandaloneSupport/UnityEditor.OSXStandalone.Extensions.dll
Registered in 0.001251 seconds.
Native extension for OSXStandalone target not found
Refreshing native plugins compatible for Editor in 27.31 ms, found 1 plugins.
Preloading 0 native plugins for Editor in 0.00 ms.
Mono: successfully reloaded assembly
- Completed reload, in  0.642 seconds
Domain Reload Profiling:
	ReloadAssembly (642ms)
		BeginReloadAssembly (71ms)
			ExecutionOrderSort (0ms)
			DisableScriptedObjects (0ms)
			BackupInstance (0ms)
			ReleaseScriptingObjects (0ms)
			CreateAndSetChildDomain (1ms)
		EndReloadAssembly (485ms)
			LoadAssemblies (70ms)
			RebuildTransferFunctionScriptingTraits (0ms)
			SetupTypeCache (133ms)
			ReleaseScriptCaches (0ms)
			RebuildScriptCaches (33ms)
			SetupLoadedEditorAssemblies (267ms)
				LogAssemblyErrors (0ms)
				InitializePlatformSupportModulesInManaged (12ms)
				SetLoadedEditorAssemblies (0ms)
				RefreshPlugins (27ms)
				BeforeProcessingInitializeOnLoad (1ms)
				ProcessInitializeOnLoadAttributes (171ms)
				ProcessInitializeOnLoadMethodAttributes (54ms)
				AfterProcessingInitializeOnLoad (0ms)
				EditorAssembliesLoaded (0ms)
			ExecutionOrderSort2 (0ms)
			AwakeInstancesAfterBackupRestoration (0ms)
Platform modules already initialized, skipping
Registering precompiled user dll's ...
Registered in 0.001738 seconds.
Begin MonoManager ReloadAssembly
Native extension for OSXStandalone target not found
Refreshing native plugins compatible for Editor in 0.30 ms, found 1 plugins.
Preloading 0 native plugins for Editor in 0.00 ms.
Mono: successfully reloaded assembly
- Completed reload, in  0.874 seconds
Domain Reload Profiling:
	ReloadAssembly (875ms)
		BeginReloadAssembly (145ms)
			ExecutionOrderSort (0ms)
			DisableScriptedObjects (8ms)
			BackupInstance (0ms)
			ReleaseScriptingObjects (0ms)
			CreateAndSetChildDomain (32ms)
		EndReloadAssembly (611ms)
			LoadAssemblies (73ms)
			RebuildTransferFunctionScriptingTraits (0ms)
			SetupTypeCache (189ms)
			ReleaseScriptCaches (0ms)
			RebuildScriptCaches (63ms)
			SetupLoadedEditorAssemblies (248ms)
				LogAssemblyErrors (0ms)
				InitializePlatformSupportModulesInManaged (9ms)
				SetLoadedEditorAssemblies (1ms)
				RefreshPlugins (0ms)
				BeforeProcessingInitializeOnLoad (43ms)
				ProcessInitializeOnLoadAttributes (162ms)
				ProcessInitializeOnLoadMethodAttributes (31ms)
				AfterProcessingInitializeOnLoad (2ms)
				EditorAssembliesLoaded (0ms)
			ExecutionOrderSort2 (0ms)
			AwakeInstancesAfterBackupRestoration (4ms)
Platform modules already initialized, skipping
========================================================================
Worker process is ready to serve import requests
Launching external process: /Applications/Unity/Hub/Editor/2021.2.8f1/Unity.app/Contents/Tools/UnityShaderCompiler
Launched and connected shader compiler UnityShaderCompiler after 0.07 seconds
Refreshing native plugins compatible for Editor in 0.32 ms, found 1 plugins.
Preloading 0 native plugins for Editor in 0.00 ms.
Unloading 1410 Unused Serialized files (Serialized files now loaded: 0)
Unloading 38 unused Assets / (1.3 MB). Loaded Objects now: 1928.
Memory consumption went from 159.9 MB to 158.6 MB.
Total: 3.306679 ms (FindLiveObjects: 0.170587 ms CreateObjectMapping: 0.067770 ms MarkObjects: 2.752812 ms  DeleteObjects: 0.314466 ms)

AssetImportParameters requested are different than current active one (requested -> active):
  custom:video-decoder-ogg-theora: a1e56fd34408186e4bbccfd4996cb3dc -> 
  custom:container-muxer-webm: aa71ff27fc2769a1b78a27578f13a17b -> 
  custom:container-demuxer-webm: 4f35f7cbe854078d1ac9338744f61a02 -> 
  custom:video-encoder-webm-vp8: eb34c28f22e8b96e1ab97ce403110664 -> 
  custom:framework-osx-AVFoundation: e770b220cccbd017edd2c1fefb359320 -> 
  custom:audio-encoder-webm-vorbis: bf7c407c2cedff20999df2af8eb42d56 -> 
  custom:container-demuxer-ogg: 62fdf1f143b41e24485cea50d1cbac27 -> 
  custom:video-decoder-webm-vp8: 9c59270c3fd7afecdb556c50c9e8de78 -> 
  custom:audio-decoder-ogg-vorbis: bf7c407c2cedff20999df2af8eb42d56 -> 
========================================================================
Received Import Request.
  Time since last request: 486967.565962 seconds.
  path: Assets/Scenes/Menus/0 Initial Load.unity
  artifactKey: Guid(b5d0197dfdb7448ed80ccad9d101388d) Importer(815301076,1909f56bfc062723c751e8b465ee728b)
Start importing Assets/Scenes/Menus/0 Initial Load.unity using Guid(b5d0197dfdb7448ed80ccad9d101388d) Importer(815301076,1909f56bfc062723c751e8b465ee728b)  -> (artifact id: '969a30fca6b9abab542a895d4c04fa40') in 0.019095 seconds 
========================================================================
Received Import Request.
  Time since last request: 1.579423 seconds.
  path: Assets/Scenes/Menus/1 Main Menu.unity
  artifactKey: Guid(e73abc96b238946eeafb74c3ed87866a) Importer(815301076,1909f56bfc062723c751e8b465ee728b)
Start importing Assets/Scenes/Menus/1 Main Menu.unity using Guid(e73abc96b238946eeafb74c3ed87866a) Importer(815301076,1909f56bfc062723c751e8b465ee728b)  -> (artifact id: 'fba9ac5b7ee6ee444b2b6b31638dfccc') in 0.001640 seconds 
========================================================================
Received Import Request.
  Time since last request: 3.326388 seconds.
  path: Assets/Scenes/Menus/[not used] 2 Couch Session.unity
  artifactKey: Guid(74ad316683ccc4720b9d39cc9f2bac8a) Importer(815301076,1909f56bfc062723c751e8b465ee728b)
Start importing Assets/Scenes/Menus/[not used] 2 Couch Session.unity using Guid(74ad316683ccc4720b9d39cc9f2bac8a) Importer(815301076,1909f56bfc062723c751e8b465ee728b)  -> (artifact id: 'd1760465c09900f0f9b29a543adb01f8') in 0.001406 seconds 
========================================================================
Received Import Request.
  Time since last request: 5.240282 seconds.
  path: Assets/Scenes/xx Tests/Skybox Test.unity
  artifactKey: Guid(1317d9c4f782f45c182776399abec83d) Importer(815301076,1909f56bfc062723c751e8b465ee728b)
Start importing Assets/Scenes/xx Tests/Skybox Test.unity using Guid(1317d9c4f782f45c182776399abec83d) Importer(815301076,1909f56bfc062723c751e8b465ee728b)  -> (artifact id: '2ce124d76a4fa030c997ffb33f876c96') in 0.001324 seconds 
========================================================================
Received Import Request.
  Time since last request: 15.958536 seconds.
  path: Assets/Scenes/xx Tests/Vibration Test.unity
  artifactKey: Guid(72de974eaa84b46e59c153accb9b7125) Importer(815301076,1909f56bfc062723c751e8b465ee728b)
Start importing Assets/Scenes/xx Tests/Vibration Test.unity using Guid(72de974eaa84b46e59c153accb9b7125) Importer(815301076,1909f56bfc062723c751e8b465ee728b)  -> (artifact id: 'eabd0180e50d8216c32b65d9dc443ac4') in 0.001587 seconds 
========================================================================
Received Import Request.
  Time since last request: 0.996275 seconds.
  path: Assets/Scenes/xx Tests/Stencil Test.unity
  artifactKey: Guid(d4c7037e76e844ecf8e36011524d2016) Importer(815301076,1909f56bfc062723c751e8b465ee728b)
Start importing Assets/Scenes/xx Tests/Stencil Test.unity using Guid(d4c7037e76e844ecf8e36011524d2016) Importer(815301076,1909f56bfc062723c751e8b465ee728b)  -> (artifact id: 'ef12f4ce6a6219c54f4e8e931c77a012') in 0.001456 seconds 
========================================================================
Received Import Request.
  Time since last request: 3.233613 seconds.
  path: Assets/Scenes/xx Tests/Render Test.unity
  artifactKey: Guid(67beb5b70045c44f58a92dc332bd7dc3) Importer(815301076,1909f56bfc062723c751e8b465ee728b)
Start importing Assets/Scenes/xx Tests/Render Test.unity using Guid(67beb5b70045c44f58a92dc332bd7dc3) Importer(815301076,1909f56bfc062723c751e8b465ee728b)  -> (artifact id: '3bb9cd4c8656d4035265103ab81a3e0e') in 0.001317 seconds 
========================================================================
Received Import Request.
  Time since last request: 2.110568 seconds.
  path: Assets/Scenes/xx Tests/Raycast Test.unity
  artifactKey: Guid(6ec9a62c8f1b04b51942c7337da06aae) Importer(815301076,1909f56bfc062723c751e8b465ee728b)
Start importing Assets/Scenes/xx Tests/Raycast Test.unity using Guid(6ec9a62c8f1b04b51942c7337da06aae) Importer(815301076,1909f56bfc062723c751e8b465ee728b)  -> (artifact id: '58681517a85ae980c4b7a6fd8329a246') in 0.001235 seconds 
========================================================================
Received Import Request.
  Time since last request: 8.853865 seconds.
  path: Assets/Scenes/xx Tests/Light Test.unity
  artifactKey: Guid(c929afc0e1fd74fee9befbf69d4058ee) Importer(815301076,1909f56bfc062723c751e8b465ee728b)
Start importing Assets/Scenes/xx Tests/Light Test.unity using Guid(c929afc0e1fd74fee9befbf69d4058ee) Importer(815301076,1909f56bfc062723c751e8b465ee728b)  -> (artifact id: 'a992930ffb61110a9de1ce65434e7a20') in 0.001531 seconds 
========================================================================
Received Import Request.
  Time since last request: 2.280837 seconds.
  path: Assets/Scenes/xx Tests/Aspect Ratio Test.unity
  artifactKey: Guid(6b1a916c9898d48c8941ac7fa6fe8d61) Importer(815301076,1909f56bfc062723c751e8b465ee728b)
Start importing Assets/Scenes/xx Tests/Aspect Ratio Test.unity using Guid(6b1a916c9898d48c8941ac7fa6fe8d61) Importer(815301076,1909f56bfc062723c751e8b465ee728b)  -> (artifact id: 'cb318828c1f5175b250fda7fbb6454ea') in 0.001593 seconds 
========================================================================
Received Prepare
Registering precompiled user dll's ...
Registered in 0.002042 seconds.
Begin MonoManager ReloadAssembly
Native extension for OSXStandalone target not found
Refreshing native plugins compatible for Editor in 0.32 ms, found 1 plugins.
Preloading 0 native plugins for Editor in 0.00 ms.
Mono: successfully reloaded assembly
- Completed reload, in  0.855 seconds
Domain Reload Profiling:
	ReloadAssembly (855ms)
		BeginReloadAssembly (112ms)
			ExecutionOrderSort (0ms)
			DisableScriptedObjects (7ms)
			BackupInstance (0ms)
			ReleaseScriptingObjects (0ms)
			CreateAndSetChildDomain (29ms)
		EndReloadAssembly (636ms)
			LoadAssemblies (58ms)
			RebuildTransferFunctionScriptingTraits (0ms)
			SetupTypeCache (189ms)
			ReleaseScriptCaches (1ms)
			RebuildScriptCaches (66ms)
			SetupLoadedEditorAssemblies (262ms)
				LogAssemblyErrors (0ms)
				InitializePlatformSupportModulesInManaged (10ms)
				SetLoadedEditorAssemblies (1ms)
				RefreshPlugins (0ms)
				BeforeProcessingInitializeOnLoad (47ms)
				ProcessInitializeOnLoadAttributes (173ms)
				ProcessInitializeOnLoadMethodAttributes (29ms)
				AfterProcessingInitializeOnLoad (2ms)
				EditorAssembliesLoaded (0ms)
			ExecutionOrderSort2 (0ms)
			AwakeInstancesAfterBackupRestoration (5ms)
Platform modules already initialized, skipping
Refreshing native plugins compatible for Editor in 0.43 ms, found 1 plugins.
Preloading 0 native plugins for Editor in 0.00 ms.
Unloading 1365 Unused Serialized files (Serialized files now loaded: 0)
Unloading 29 unused Assets / (1.2 MB). Loaded Objects now: 1930.
Memory consumption went from 157.0 MB to 155.8 MB.
Total: 4.201527 ms (FindLiveObjects: 0.197162 ms CreateObjectMapping: 0.085988 ms MarkObjects: 3.481184 ms  DeleteObjects: 0.435975 ms)

AssetImportParameters requested are different than current active one (requested -> active):
  custom:video-decoder-ogg-theora: a1e56fd34408186e4bbccfd4996cb3dc -> 
  custom:container-muxer-webm: aa71ff27fc2769a1b78a27578f13a17b -> 
  custom:container-demuxer-webm: 4f35f7cbe854078d1ac9338744f61a02 -> 
  custom:video-encoder-webm-vp8: eb34c28f22e8b96e1ab97ce403110664 -> 
  custom:framework-osx-AVFoundation: e770b220cccbd017edd2c1fefb359320 -> 
  custom:audio-encoder-webm-vorbis: bf7c407c2cedff20999df2af8eb42d56 -> 
  custom:container-demuxer-ogg: 62fdf1f143b41e24485cea50d1cbac27 -> 
  custom:video-decoder-webm-vp8: 9c59270c3fd7afecdb556c50c9e8de78 -> 
  custom:audio-decoder-ogg-vorbis: bf7c407c2cedff20999df2af8eb42d56 -> 
